  [4;36;1mSQL (1.0ms)[0m   [0;1m SELECT name
 FROM sqlite_master
 WHERE type = 'table' AND NOT name = 'sqlite_sequence'
[0m
  [4;35;1mSQL (0.0ms)[0m   [0mselect sqlite_version(*)[0m
  [4;36;1mSQL (35.0ms)[0m   [0;1mCREATE TABLE "schema_migrations" ("version" varchar(255) NOT NULL) [0m
  [4;35;1mSQL (26.0ms)[0m   [0mCREATE UNIQUE INDEX "unique_schema_migrations" ON "schema_migrations" ("version")[0m
  [4;36;1mSQL (0.0ms)[0m   [0;1m SELECT name
 FROM sqlite_master
 WHERE type = 'table' AND NOT name = 'sqlite_sequence'
[0m
  [4;35;1mSQL (0.0ms)[0m   [0mSELECT version FROM schema_migrations[0m
Migrating to CreateProducts (20090222220940)
  [4;36;1mSQL (74.0ms)[0m   [0;1mCREATE TABLE "products" ("id" INTEGER PRIMARY KEY AUTOINCREMENT NOT NULL, "title" varchar(255), "description" text, "image_url" varchar(255), "created_at" datetime, "updated_at" datetime) [0m
  [4;35;1mSQL (71.0ms)[0m   [0mINSERT INTO schema_migrations (version) VALUES ('20090222220940')[0m
  [4;36;1mSQL (0.0ms)[0m   [0;1m SELECT name
 FROM sqlite_master
 WHERE type = 'table' AND NOT name = 'sqlite_sequence'
[0m
  [4;35;1mSQL (0.0ms)[0m   [0mSELECT version FROM schema_migrations[0m
  [4;36;1mSQL (0.0ms)[0m   [0;1m SELECT name
 FROM sqlite_master
 WHERE type = 'table' AND NOT name = 'sqlite_sequence'
[0m
  [4;35;1mSQL (0.0ms)[0m   [0mPRAGMA index_list("products")[0m


Processing ProductsController#index (for 127.0.0.1 at 2009-02-22 23:35:32) [GET]
  [4;36;1mProduct Load (0.0ms)[0m   [0;1mSELECT * FROM "products" [0m
Rendering template within layouts/products
Rendering products/index
Completed in 16ms (View: 8, DB: 0) | 200 OK [http://127.0.0.1/products]


Processing ProductsController#new (for 127.0.0.1 at 2009-02-22 23:35:33) [GET]
Rendering template within layouts/products
Rendering products/new
Completed in 24ms (View: 14, DB: 0) | 200 OK [http://127.0.0.1/products/new]


Processing ProductsController#create (for 127.0.0.1 at 2009-02-22 23:35:40) [POST]
  Parameters: {"commit"=>"Create", "authenticity_token"=>"b5e0e382a163216fb3b9c44298544c8cd580cff0", "product"=>{"image_url"=>"te", "title"=>"test", "description"=>"test"}}
  [4;35;1mProduct Create (1.0ms)[0m   [0mINSERT INTO "products" ("image_url", "updated_at", "title", "description", "created_at") VALUES('te', '2009-02-22 22:35:40', 'test', 'test', '2009-02-22 22:35:40')[0m
Redirected to #<Product:0x63fcdec>
Completed in 46ms (DB: 1) | 302 Found [http://127.0.0.1/products]


Processing ProductsController#show (for 127.0.0.1 at 2009-02-22 23:35:40) [GET]
  Parameters: {"id"=>"1"}
  [4;36;1mProduct Load (1.0ms)[0m   [0;1mSELECT * FROM "products" WHERE ("products"."id" = 1) [0m
Rendering template within layouts/products
Rendering products/show
Completed in 20ms (View: 10, DB: 1) | 200 OK [http://127.0.0.1/products/1]


Processing ProductsController#index (for 127.0.0.1 at 2009-02-22 23:35:41) [GET]
  [4;35;1mProduct Load (0.0ms)[0m   [0mSELECT * FROM "products" [0m
Rendering template within layouts/products
Rendering products/index
Completed in 16ms (View: 7, DB: 0) | 200 OK [http://127.0.0.1/products]
